d:\pet_projects\vs2017\qinxy\dependencies\glfw\build\bin-int\release64-windows\windows\glfw.pdb
d:\pet_projects\vs2017\qinxy\dependencies\glfw\build\bin-int\release64-windows\windows\window.obj
d:\pet_projects\vs2017\qinxy\dependencies\glfw\build\bin-int\release64-windows\windows\win32_window.obj
d:\pet_projects\vs2017\qinxy\dependencies\glfw\build\bin-int\release64-windows\windows\win32_time.obj
d:\pet_projects\vs2017\qinxy\dependencies\glfw\build\bin-int\release64-windows\windows\win32_thread.obj
d:\pet_projects\vs2017\qinxy\dependencies\glfw\build\bin-int\release64-windows\windows\win32_monitor.obj
d:\pet_projects\vs2017\qinxy\dependencies\glfw\build\bin-int\release64-windows\windows\win32_joystick.obj
d:\pet_projects\vs2017\qinxy\dependencies\glfw\build\bin-int\release64-windows\windows\win32_init.obj
d:\pet_projects\vs2017\qinxy\dependencies\glfw\build\bin-int\release64-windows\windows\wgl_context.obj
d:\pet_projects\vs2017\qinxy\dependencies\glfw\build\bin-int\release64-windows\windows\vulkan.obj
d:\pet_projects\vs2017\qinxy\dependencies\glfw\build\bin-int\release64-windows\windows\osmesa_context.obj
d:\pet_projects\vs2017\qinxy\dependencies\glfw\build\bin-int\release64-windows\windows\monitor.obj
d:\pet_projects\vs2017\qinxy\dependencies\glfw\build\bin-int\release64-windows\windows\input.obj
d:\pet_projects\vs2017\qinxy\dependencies\glfw\build\bin-int\release64-windows\windows\init.obj
d:\pet_projects\vs2017\qinxy\dependencies\glfw\build\bin-int\release64-windows\windows\egl_context.obj
d:\pet_projects\vs2017\qinxy\dependencies\glfw\build\bin-int\release64-windows\windows\context.obj
d:\pet_projects\vs2017\qinxy\dependencies\glfw\build\bin\release64-windows\glfw.lib
d:\pet_projects\vs2017\qinxy\dependencies\glfw\generated\..\build\bin\release64-windows\glfw.lib
d:\pet_projects\vs2017\qinxy\dependencies\glfw\build\bin-int\release64-windows\windows\glfw.tlog\cl.command.1.tlog
d:\pet_projects\vs2017\qinxy\dependencies\glfw\build\bin-int\release64-windows\windows\glfw.tlog\cl.read.1.tlog
d:\pet_projects\vs2017\qinxy\dependencies\glfw\build\bin-int\release64-windows\windows\glfw.tlog\cl.write.1.tlog
d:\pet_projects\vs2017\qinxy\dependencies\glfw\build\bin-int\release64-windows\windows\glfw.tlog\lib-link.read.1.tlog
d:\pet_projects\vs2017\qinxy\dependencies\glfw\build\bin-int\release64-windows\windows\glfw.tlog\lib-link.write.1.tlog
d:\pet_projects\vs2017\qinxy\dependencies\glfw\build\bin-int\release64-windows\windows\glfw.tlog\lib.command.1.tlog
